

Microchip MPLAB XC8 Assembler V2.35 build 20211206165544 
                                                                                               Sat May 07 21:35:28 2022

Microchip MPLAB XC8 C Compiler v2.35 (Free license) build 20211206165544 Og1 
     1                           	processor	16F887
     2                           	pagewidth 120
     3                           	opt	flic
     4                           	psect	idataBANK0,global,class=CODE,delta=2,noexec
     5                           	psect	strings,global,class=STRING,delta=2,noexec
     6                           	psect	cinit,global,class=CODE,merge=1,delta=2
     7                           	psect	bssCOMMON,global,class=COMMON,space=1,delta=1,noexec
     8                           	psect	bssBANK0,global,class=BANK0,space=1,delta=1,noexec
     9                           	psect	dataBANK0,global,class=BANK0,space=1,delta=1,noexec
    10                           	psect	cstackCOMMON,global,class=COMMON,space=1,delta=1,noexec
    11                           	psect	cstackBANK0,global,class=BANK0,space=1,delta=1,noexec
    12                           	psect	maintext,global,class=CODE,split=1,delta=2
    13                           	psect	text1,local,class=CODE,merge=1,delta=2
    14                           	psect	text2,local,class=CODE,merge=1,delta=2
    15                           	psect	text3,local,class=CODE,merge=1,delta=2
    16                           	psect	text4,local,class=CODE,merge=1,delta=2
    17                           	psect	text5,local,class=CODE,merge=1,delta=2
    18                           	psect	intentry,global,class=CODE,delta=2
    19                           	psect	text6,local,class=CODE,merge=1,delta=2
    20                           	psect	text7,local,class=CODE,merge=1,delta=2
    21                           	psect	text8,local,class=CODE,merge=1,delta=2
    22                           	psect	idloc,global,abs,ovrld,class=IDLOC,space=5,delta=2,noexec
    23                           	psect	config,global,abs,ovrld,class=CONFIG,space=4,delta=2,noexec
    24                           	dabs	1,0x7E,2
    25  0000                     
    26                           ; Version 2.40
    27                           ; Generated 17/11/2021 GMT
    28                           ; 
    29                           ; Copyright © 2021, Microchip Technology Inc. and its subsidiaries ("Microchip")
    30                           ; All rights reserved.
    31                           ; 
    32                           ; This software is developed by Microchip Technology Inc. and its subsidiaries ("Microch
      +                          ip").
    33                           ; 
    34                           ; Redistribution and use in source and binary forms, with or without modification, are
    35                           ; permitted provided that the following conditions are met:
    36                           ; 
    37                           ;     1. Redistributions of source code must retain the above copyright notice, this lis
      +                          t of
    38                           ;        conditions and the following disclaimer.
    39                           ; 
    40                           ;     2. Redistributions in binary form must reproduce the above copyright notice, this 
      +                          list
    41                           ;        of conditions and the following disclaimer in the documentation and/or other
    42                           ;        materials provided with the distribution. Publication is not required when
    43                           ;        this file is used in an embedded application.
    44                           ; 
    45                           ;     3. Microchip's name may not be used to endorse or promote products derived from th
      +                          is
    46                           ;        software without specific prior written permission.
    47                           ; 
    48                           ; THIS SOFTWARE IS PROVIDED BY MICROCHIP "AS IS" AND ANY EXPRESS OR IMPLIED WARRANTIES,
    49                           ; INCLUDING, BUT NOT LIMITED TO, THE IMPLIED WARRANTIES OF MERCHANTABILITY AND FITNESS F
      +                          OR
    50                           ; PURPOSE ARE DISCLAIMED.  IN NO EVENT SHALL MICROCHIP BE LIABLE FOR ANY DIRECT, INDIREC
      +                          T,
    51                           ; INCIDENTAL, SPECIAL, EXEMPLARY, OR CONSEQUENTIAL DAMAGES (INCLUDING BUT NOT LIMITED TO
    52                           ; PROCUREMENT OF SUBSTITUTE GOODS OR SERVICES; LOSS OF USE, DATA OR PROFITS; OR BUSINESS
    53                           ; INTERRUPTION) HOWSOEVER CAUSED AND ON ANY THEORY OF LIABILITY, WHETHER IN CONTRACT, ST
      +                          RICT
    54                           ; LIABILITY, OR TORT (INCLUDING NEGLIGENCE OR OTHERWISE) ARISING IN ANY WAY OUT OF THE U
      +                          SE OF
    55                           ; THIS SOFTWARE, EVEN IF ADVISED OF THE POSSIBILITY OF SUCH DAMAGE.
    56                           ; 
    57                           ; 
    58                           ; Code-generator required, PIC16F887 Definitions
    59                           ; 
    60                           ; SFR Addresses
    61  0000                     	;# 
    62  0001                     	;# 
    63  0002                     	;# 
    64  0003                     	;# 
    65  0004                     	;# 
    66  0005                     	;# 
    67  0006                     	;# 
    68  0007                     	;# 
    69  0008                     	;# 
    70  0009                     	;# 
    71  000A                     	;# 
    72  000B                     	;# 
    73  000C                     	;# 
    74  000D                     	;# 
    75  000E                     	;# 
    76  000E                     	;# 
    77  000F                     	;# 
    78  0010                     	;# 
    79  0011                     	;# 
    80  0012                     	;# 
    81  0013                     	;# 
    82  0014                     	;# 
    83  0015                     	;# 
    84  0015                     	;# 
    85  0016                     	;# 
    86  0017                     	;# 
    87  0018                     	;# 
    88  0019                     	;# 
    89  001A                     	;# 
    90  001B                     	;# 
    91  001B                     	;# 
    92  001C                     	;# 
    93  001D                     	;# 
    94  001E                     	;# 
    95  001F                     	;# 
    96  0081                     	;# 
    97  0085                     	;# 
    98  0086                     	;# 
    99  0087                     	;# 
   100  0088                     	;# 
   101  0089                     	;# 
   102  008C                     	;# 
   103  008D                     	;# 
   104  008E                     	;# 
   105  008F                     	;# 
   106  0090                     	;# 
   107  0091                     	;# 
   108  0092                     	;# 
   109  0093                     	;# 
   110  0093                     	;# 
   111  0093                     	;# 
   112  0094                     	;# 
   113  0095                     	;# 
   114  0096                     	;# 
   115  0097                     	;# 
   116  0098                     	;# 
   117  0099                     	;# 
   118  009A                     	;# 
   119  009B                     	;# 
   120  009C                     	;# 
   121  009D                     	;# 
   122  009E                     	;# 
   123  009F                     	;# 
   124  0105                     	;# 
   125  0107                     	;# 
   126  0108                     	;# 
   127  0109                     	;# 
   128  010C                     	;# 
   129  010C                     	;# 
   130  010D                     	;# 
   131  010E                     	;# 
   132  010F                     	;# 
   133  0185                     	;# 
   134  0187                     	;# 
   135  0188                     	;# 
   136  0189                     	;# 
   137  018C                     	;# 
   138  018D                     	;# 
   139  0000                     	;# 
   140  0001                     	;# 
   141  0002                     	;# 
   142  0003                     	;# 
   143  0004                     	;# 
   144  0005                     	;# 
   145  0006                     	;# 
   146  0007                     	;# 
   147  0008                     	;# 
   148  0009                     	;# 
   149  000A                     	;# 
   150  000B                     	;# 
   151  000C                     	;# 
   152  000D                     	;# 
   153  000E                     	;# 
   154  000E                     	;# 
   155  000F                     	;# 
   156  0010                     	;# 
   157  0011                     	;# 
   158  0012                     	;# 
   159  0013                     	;# 
   160  0014                     	;# 
   161  0015                     	;# 
   162  0015                     	;# 
   163  0016                     	;# 
   164  0017                     	;# 
   165  0018                     	;# 
   166  0019                     	;# 
   167  001A                     	;# 
   168  001B                     	;# 
   169  001B                     	;# 
   170  001C                     	;# 
   171  001D                     	;# 
   172  001E                     	;# 
   173  001F                     	;# 
   174  0081                     	;# 
   175  0085                     	;# 
   176  0086                     	;# 
   177  0087                     	;# 
   178  0088                     	;# 
   179  0089                     	;# 
   180  008C                     	;# 
   181  008D                     	;# 
   182  008E                     	;# 
   183  008F                     	;# 
   184  0090                     	;# 
   185  0091                     	;# 
   186  0092                     	;# 
   187  0093                     	;# 
   188  0093                     	;# 
   189  0093                     	;# 
   190  0094                     	;# 
   191  0095                     	;# 
   192  0096                     	;# 
   193  0097                     	;# 
   194  0098                     	;# 
   195  0099                     	;# 
   196  009A                     	;# 
   197  009B                     	;# 
   198  009C                     	;# 
   199  009D                     	;# 
   200  009E                     	;# 
   201  009F                     	;# 
   202  0105                     	;# 
   203  0107                     	;# 
   204  0108                     	;# 
   205  0109                     	;# 
   206  010C                     	;# 
   207  010C                     	;# 
   208  010D                     	;# 
   209  010E                     	;# 
   210  010F                     	;# 
   211  0185                     	;# 
   212  0187                     	;# 
   213  0188                     	;# 
   214  0189                     	;# 
   215  018C                     	;# 
   216  018D                     	;# 
   217                           
   218                           	psect	idataBANK0
   219  02A7                     __pidataBANK0:
   220                           
   221                           ;initializer for _vacio
   222  02A7  340D               	retlw	13
   223  001A                     _RCREG	set	26
   224  001E                     _ADRESH	set	30
   225  0019                     _TXREG	set	25
   226  0018                     _RCSTAbits	set	24
   227  001F                     _ADCON0bits	set	31
   228  000C                     _PIR1bits	set	12
   229  000B                     _INTCONbits	set	11
   230  0006                     _PORTB	set	6
   231  0005                     _PORTA	set	5
   232  0065                     _RCIF	set	101
   233  0064                     _TXIF	set	100
   234  0099                     _SPBRG	set	153
   235  009A                     _SPBRGH	set	154
   236  0098                     _TXSTAbits	set	152
   237  009F                     _ADCON1bits	set	159
   238  008F                     _OSCCONbits	set	143
   239  008C                     _PIE1bits	set	140
   240  0086                     _TRISB	set	134
   241  0085                     _TRISA	set	133
   242  0187                     _BAUDCTLbits	set	391
   243  0189                     _ANSELH	set	393
   244  0188                     _ANSEL	set	392
   245                           
   246                           	psect	strings
   247  0022                     __pstrings:
   248  0022                     stringtab:
   249  0022                     __stringtab:
   250  0022                     stringcode:	
   251                           ;	String table - string pointers are 1 byte each
   252                           
   253  0022                     stringdir:
   254  0022  3000               	movlw	high stringdir
   255  0023  008A               	movwf	10
   256  0024  0804               	movf	4,w
   257  0025  0A84               	incf	4,f
   258  0026  0782               	addwf	2,f
   259  0027                     __stringbase:
   260  0027  3400               	retlw	0
   261  0028                     __end_of__stringtab:
   262  0028                     STR_3:
   263  0028  342D               	retlw	45	;'-'
   264  0029  342D               	retlw	45	;'-'
   265  002A  342D               	retlw	45	;'-'
   266  002B  342D               	retlw	45	;'-'
   267  002C  342D               	retlw	45	;'-'
   268  002D  342D               	retlw	45	;'-'
   269  002E  342D               	retlw	45	;'-'
   270  002F  342D               	retlw	45	;'-'
   271  0030  342D               	retlw	45	;'-'
   272  0031  342D               	retlw	45	;'-'
   273  0032  342D               	retlw	45	;'-'
   274  0033  342D               	retlw	45	;'-'
   275  0034  342D               	retlw	45	;'-'
   276  0035  342D               	retlw	45	;'-'
   277  0036  342D               	retlw	45	;'-'
   278  0037  342D               	retlw	45	;'-'
   279  0038  344D               	retlw	77	;'M'
   280  0039  3461               	retlw	97	;'a'
   281  003A  3469               	retlw	105	;'i'
   282  003B  346E               	retlw	110	;'n'
   283  003C  3420               	retlw	32	;' '
   284  003D  344D               	retlw	77	;'M'
   285  003E  3465               	retlw	101	;'e'
   286  003F  346E               	retlw	110	;'n'
   287  0040  3475               	retlw	117	;'u'
   288  0041  342D               	retlw	45	;'-'
   289  0042  342D               	retlw	45	;'-'
   290  0043  342D               	retlw	45	;'-'
   291  0044  342D               	retlw	45	;'-'
   292  0045  342D               	retlw	45	;'-'
   293  0046  342D               	retlw	45	;'-'
   294  0047  342D               	retlw	45	;'-'
   295  0048  342D               	retlw	45	;'-'
   296  0049  342D               	retlw	45	;'-'
   297  004A  342D               	retlw	45	;'-'
   298  004B  342D               	retlw	45	;'-'
   299  004C  342D               	retlw	45	;'-'
   300  004D  342D               	retlw	45	;'-'
   301  004E  342D               	retlw	45	;'-'
   302  004F  342D               	retlw	45	;'-'
   303  0050  342D               	retlw	45	;'-'
   304  0051  342D               	retlw	45	;'-'
   305  0052  342D               	retlw	45	;'-'
   306  0053  342D               	retlw	45	;'-'
   307  0054  3400               	retlw	0
   308  0055                     STR_4:
   309  0055  3461               	retlw	97	;'a'
   310  0056  3429               	retlw	41	;')'
   311  0057  3420               	retlw	32	;' '
   312  0058  344C               	retlw	76	;'L'
   313  0059  3465               	retlw	101	;'e'
   314  005A  3463               	retlw	99	;'c'
   315  005B  3474               	retlw	116	;'t'
   316  005C  3475               	retlw	117	;'u'
   317  005D  3472               	retlw	114	;'r'
   318  005E  3461               	retlw	97	;'a'
   319  005F  3420               	retlw	32	;' '
   320  0060  3464               	retlw	100	;'d'
   321  0061  3465               	retlw	101	;'e'
   322  0062  346C               	retlw	108	;'l'
   323  0063  3420               	retlw	32	;' '
   324  0064  3470               	retlw	112	;'p'
   325  0065  346F               	retlw	111	;'o'
   326  0066  3474               	retlw	116	;'t'
   327  0067  3465               	retlw	101	;'e'
   328  0068  346E               	retlw	110	;'n'
   329  0069  3463               	retlw	99	;'c'
   330  006A  3469               	retlw	105	;'i'
   331  006B  346F               	retlw	111	;'o'
   332  006C  346D               	retlw	109	;'m'
   333  006D  3465               	retlw	101	;'e'
   334  006E  3474               	retlw	116	;'t'
   335  006F  3472               	retlw	114	;'r'
   336  0070  346F               	retlw	111	;'o'
   337  0071  342E               	retlw	46	;'.'
   338  0072  3400               	retlw	0
   339  0073                     STR_2:
   340  0073  3449               	retlw	73	;'I'
   341  0074  346E               	retlw	110	;'n'
   342  0075  3467               	retlw	103	;'g'
   343  0076  3472               	retlw	114	;'r'
   344  0077  3465               	retlw	101	;'e'
   345  0078  3473               	retlw	115	;'s'
   346  0079  3465               	retlw	101	;'e'
   347  007A  3420               	retlw	32	;' '
   348  007B  3463               	retlw	99	;'c'
   349  007C  3461               	retlw	97	;'a'
   350  007D  3472               	retlw	114	;'r'
   351  007E  3461               	retlw	97	;'a'
   352  007F  3463               	retlw	99	;'c'
   353  0080  3474               	retlw	116	;'t'
   354  0081  3465               	retlw	101	;'e'
   355  0082  3472               	retlw	114	;'r'
   356  0083  3420               	retlw	32	;' '
   357  0084  3465               	retlw	101	;'e'
   358  0085  346E               	retlw	110	;'n'
   359  0086  3420               	retlw	32	;' '
   360  0087  3441               	retlw	65	;'A'
   361  0088  3453               	retlw	83	;'S'
   362  0089  3443               	retlw	67	;'C'
   363  008A  3449               	retlw	73	;'I'
   364  008B  3449               	retlw	73	;'I'
   365  008C  343A               	retlw	58	;':'
   366  008D  3420               	retlw	32	;' '
   367  008E  3400               	retlw	0
   368  008F                     STR_1:
   369  008F  3456               	retlw	86	;'V'
   370  0090  3461               	retlw	97	;'a'
   371  0091  346C               	retlw	108	;'l'
   372  0092  346F               	retlw	111	;'o'
   373  0093  3472               	retlw	114	;'r'
   374  0094  3420               	retlw	32	;' '
   375  0095  3464               	retlw	100	;'d'
   376  0096  3465               	retlw	101	;'e'
   377  0097  346C               	retlw	108	;'l'
   378  0098  3420               	retlw	32	;' '
   379  0099  3470               	retlw	112	;'p'
   380  009A  346F               	retlw	111	;'o'
   381  009B  3474               	retlw	116	;'t'
   382  009C  3465               	retlw	101	;'e'
   383  009D  346E               	retlw	110	;'n'
   384  009E  3463               	retlw	99	;'c'
   385  009F  3469               	retlw	105	;'i'
   386  00A0  346F               	retlw	111	;'o'
   387  00A1  346D               	retlw	109	;'m'
   388  00A2  3465               	retlw	101	;'e'
   389  00A3  3474               	retlw	116	;'t'
   390  00A4  3472               	retlw	114	;'r'
   391  00A5  346F               	retlw	111	;'o'
   392  00A6  343A               	retlw	58	;':'
   393  00A7  3420               	retlw	32	;' '
   394  00A8  3400               	retlw	0
   395  00A9                     STR_5:
   396  00A9  3462               	retlw	98	;'b'
   397  00AA  3429               	retlw	41	;')'
   398  00AB  3420               	retlw	32	;' '
   399  00AC  3445               	retlw	69	;'E'
   400  00AD  346E               	retlw	110	;'n'
   401  00AE  3476               	retlw	118	;'v'
   402  00AF  3469               	retlw	105	;'i'
   403  00B0  3461               	retlw	97	;'a'
   404  00B1  3472               	retlw	114	;'r'
   405  00B2  3420               	retlw	32	;' '
   406  00B3  3441               	retlw	65	;'A'
   407  00B4  3453               	retlw	83	;'S'
   408  00B5  3443               	retlw	67	;'C'
   409  00B6  3449               	retlw	73	;'I'
   410  00B7  3449               	retlw	73	;'I'
   411  00B8  342E               	retlw	46	;'.'
   412  00B9  3400               	retlw	0
   413                           
   414                           	psect	cinit
   415  0013                     start_initialization:	
   416                           ; #config settings
   417                           
   418  0013                     __initialization:
   419                           
   420                           ; Initialize objects allocated to BANK0
   421  0013  120A  118A  22A7  120A  118A  	fcall	__pidataBANK0	;fetch initializer
   422  0018  00A8               	movwf	__pdataBANK0& (0+127)
   423                           
   424                           ; Clear objects allocated to BANK0
   425  0019  01A6               	clrf	__pbssBANK0& (0+127)
   426  001A  01A7               	clrf	(__pbssBANK0+1)& (0+127)
   427                           
   428                           ; Clear objects allocated to COMMON
   429  001B  01F9               	clrf	__pbssCOMMON& (0+127)
   430  001C  01FA               	clrf	(__pbssCOMMON+1)& (0+127)
   431  001D  01FB               	clrf	(__pbssCOMMON+2)& (0+127)
   432  001E                     end_of_initialization:	
   433                           ;End of C runtime variable initialization code
   434                           
   435  001E                     __end_of__initialization:
   436  001E  0183               	clrf	3
   437  001F  120A  118A  28BA   	ljmp	_main	;jump to C main() function
   438                           
   439                           	psect	bssCOMMON
   440  0079                     __pbssCOMMON:
   441  0079                     _state_flag:
   442  0079                     	ds	2
   443  007B                     _portb_char:
   444  007B                     	ds	1
   445                           
   446                           	psect	bssBANK0
   447  0026                     __pbssBANK0:
   448  0026                     _opt_sel:
   449  0026                     	ds	1
   450  0027                     _pot1:
   451  0027                     	ds	1
   452                           
   453                           	psect	dataBANK0
   454  0028                     __pdataBANK0:
   455  0028                     _vacio:
   456  0028                     	ds	1
   457                           
   458                           	psect	cstackCOMMON
   459  0070                     __pcstackCOMMON:
   460  0070                     ?_item_list:
   461  0070                     ?_setup:	
   462                           ; 1 bytes @ 0x0
   463                           
   464  0070                     ?_tprint:	
   465                           ; 1 bytes @ 0x0
   466                           
   467  0070                     ?_isr:	
   468                           ; 1 bytes @ 0x0
   469                           
   470  0070                     ?_main:	
   471                           ; 1 bytes @ 0x0
   472                           
   473  0070                     ?i1_enter:	
   474                           ; 1 bytes @ 0x0
   475                           
   476  0070                     ?i1_tprint:	
   477                           ; 1 bytes @ 0x0
   478                           
   479  0070                     ??i1_tprint:	
   480                           ; 1 bytes @ 0x0
   481                           
   482  0070                     ?i1_item_list:	
   483                           ; 1 bytes @ 0x0
   484                           
   485  0070                     i1enter@a:	
   486                           ; 1 bytes @ 0x0
   487                           
   488                           
   489                           ; 2 bytes @ 0x0
   490  0070                     	ds	1
   491  0071                     i1tprint@string:
   492                           
   493                           ; 1 bytes @ 0x1
   494  0071                     	ds	1
   495  0072                     ??i1_enter:
   496                           
   497                           ; 1 bytes @ 0x2
   498  0072                     	ds	2
   499  0074                     ??_isr:
   500  0074                     ??i1_item_list:	
   501                           ; 1 bytes @ 0x4
   502                           
   503                           
   504                           ; 1 bytes @ 0x4
   505  0074                     	ds	5
   506                           
   507                           	psect	cstackBANK0
   508  0020                     __pcstackBANK0:
   509  0020                     ??_setup:
   510  0020                     ?_enter:	
   511                           ; 1 bytes @ 0x0
   512                           
   513  0020                     ??_tprint:	
   514                           ; 1 bytes @ 0x0
   515                           
   516  0020                     enter@a:	
   517                           ; 1 bytes @ 0x0
   518                           
   519                           
   520                           ; 2 bytes @ 0x0
   521  0020                     	ds	1
   522  0021                     tprint@string:
   523                           
   524                           ; 1 bytes @ 0x1
   525  0021                     	ds	1
   526  0022                     ??_enter:
   527                           
   528                           ; 1 bytes @ 0x2
   529  0022                     	ds	2
   530  0024                     ??_item_list:
   531  0024                     ??_main:	
   532                           ; 1 bytes @ 0x4
   533                           
   534                           
   535                           ; 1 bytes @ 0x4
   536  0024                     	ds	2
   537                           
   538                           	psect	maintext
   539  00BA                     __pmaintext:	
   540 ;;
   541 ;;Main: autosize = 0, tempsize = 2, incstack = 0, save=0
   542 ;;
   543 ;; *************** function _main *****************
   544 ;; Defined at:
   545 ;;		line 135 in file "lab10-p2_main-20168.c"
   546 ;; Parameters:    Size  Location     Type
   547 ;;		None
   548 ;; Auto vars:     Size  Location     Type
   549 ;;		None
   550 ;; Return value:  Size  Location     Type
   551 ;;                  1    wreg      void 
   552 ;; Registers used:
   553 ;;		wreg, fsr0l, fsr0h, status,2, status,0, btemp+1, pclath, cstack
   554 ;; Tracked objects:
   555 ;;		On entry : B00/0
   556 ;;		On exit  : 0/0
   557 ;;		Unchanged: 0/0
   558 ;; Data sizes:     COMMON   BANK0   BANK1   BANK3   BANK2
   559 ;;      Params:         0       0       0       0       0
   560 ;;      Locals:         0       0       0       0       0
   561 ;;      Temps:          0       2       0       0       0
   562 ;;      Totals:         0       2       0       0       0
   563 ;;Total ram usage:        2 bytes
   564 ;; Hardware stack levels required when called: 6
   565 ;; This function calls:
   566 ;;		_item_list
   567 ;;		_setup
   568 ;;		_tprint
   569 ;; This function is called by:
   570 ;;		Startup code after reset
   571 ;; This function uses a non-reentrant model
   572 ;;
   573                           
   574  00BA                     _main:	
   575                           ;psect for function _main
   576                           
   577  00BA                     l988:	
   578                           ;incstack = 0
   579                           ; Regs used in _main: [wreg-fsr0h+status,2+status,0+btemp+1+pclath+cstack]
   580                           
   581                           
   582                           ;lab10-p2_main-20168.c: 137:     setup();
   583  00BA  120A  118A  2159  120A  118A  	fcall	_setup
   584  00BF                     l990:
   585                           
   586                           ;lab10-p2_main-20168.c: 138:     item_list();
   587  00BF  120A  118A  21A6  120A  118A  	fcall	_item_list
   588  00C4                     l992:
   589                           
   590                           ;lab10-p2_main-20168.c: 141:         if (ADCON0bits.GO == 0){
   591  00C4  1283               	bcf	3,5	;RP0=0, select bank0
   592  00C5  1303               	bcf	3,6	;RP1=0, select bank0
   593  00C6  189F               	btfsc	31,1	;volatile
   594  00C7  28C9               	goto	u261
   595  00C8  28CA               	goto	u260
   596  00C9                     u261:
   597  00C9  28CB               	goto	l996
   598  00CA                     u260:
   599  00CA                     l994:
   600                           
   601                           ;lab10-p2_main-20168.c: 142:             ADCON0bits.GO = 1;
   602  00CA  149F               	bsf	31,1	;volatile
   603  00CB                     l996:
   604                           
   605                           ;lab10-p2_main-20168.c: 144:         if (opt_sel == 0x61){
   606  00CB  3061               	movlw	97
   607  00CC  0626               	xorwf	_opt_sel,w
   608  00CD  1D03               	btfss	3,2
   609  00CE  28D0               	goto	u271
   610  00CF  28D1               	goto	u270
   611  00D0                     u271:
   612  00D0  28F3               	goto	l1010
   613  00D1                     u270:
   614  00D1                     l998:
   615                           
   616                           ;lab10-p2_main-20168.c: 145:             opt_sel = 0x00;
   617  00D1  01A6               	clrf	_opt_sel
   618  00D2                     l1000:
   619                           
   620                           ;lab10-p2_main-20168.c: 147:             tprint("Valor del potenciometro: ");
   621  00D2  3068               	movlw	(low ((STR_1-__stringbase)| (0+32768)))& (0+255)
   622  00D3  120A  118A  2265  120A  118A  	fcall	_tprint
   623  00D8                     l1002:
   624                           
   625                           ;lab10-p2_main-20168.c: 148:             _delay((unsigned long)((500)*(1000000/4000.0)))
      +                          ;
   626  00D8  30A3               	movlw	163
   627  00D9  1283               	bcf	3,5	;RP0=0, select bank0
   628  00DA  1303               	bcf	3,6	;RP1=0, select bank0
   629  00DB  00A5               	movwf	??_main+1
   630  00DC  3054               	movlw	84
   631  00DD  00A4               	movwf	??_main
   632  00DE                     u297:
   633  00DE  0BA4               	decfsz	??_main,f
   634  00DF  28DE               	goto	u297
   635  00E0  0BA5               	decfsz	??_main+1,f
   636  00E1  28DE               	goto	u297
   637  00E2  0000               	nop
   638  00E3                     l1004:
   639                           
   640                           ;lab10-p2_main-20168.c: 149:             TXREG = pot1;
   641  00E3  1283               	bcf	3,5	;RP0=0, select bank0
   642  00E4  1303               	bcf	3,6	;RP1=0, select bank0
   643  00E5  0827               	movf	_pot1,w
   644  00E6  0099               	movwf	25	;volatile
   645  00E7                     l1006:
   646                           
   647                           ;lab10-p2_main-20168.c: 150:             _delay((unsigned long)((500)*(1000000/4000.0)))
      +                          ;
   648  00E7  30A3               	movlw	163
   649  00E8  1283               	bcf	3,5	;RP0=0, select bank0
   650  00E9  1303               	bcf	3,6	;RP1=0, select bank0
   651  00EA  00A5               	movwf	??_main+1
   652  00EB  3054               	movlw	84
   653  00EC  00A4               	movwf	??_main
   654  00ED                     u307:
   655  00ED  0BA4               	decfsz	??_main,f
   656  00EE  28ED               	goto	u307
   657  00EF  0BA5               	decfsz	??_main+1,f
   658  00F0  28ED               	goto	u307
   659  00F1  0000               	nop
   660  00F2  28BF               	goto	l990
   661  00F3                     l1010:
   662  00F3  3062               	movlw	98
   663  00F4  0626               	xorwf	_opt_sel,w
   664  00F5  1D03               	btfss	3,2
   665  00F6  28F8               	goto	u281
   666  00F7  28F9               	goto	u280
   667  00F8                     u281:
   668  00F8  28C4               	goto	l992
   669  00F9                     u280:
   670  00F9                     l1012:
   671                           
   672                           ;lab10-p2_main-20168.c: 154:             state_flag = 1;
   673  00F9  3001               	movlw	1
   674  00FA  00F9               	movwf	_state_flag
   675  00FB  3000               	movlw	0
   676  00FC  00FA               	movwf	_state_flag+1
   677  00FD                     l1014:
   678                           
   679                           ;lab10-p2_main-20168.c: 155:             tprint("Ingrese caracter en ASCII: ");
   680  00FD  304C               	movlw	(low ((STR_2-__stringbase)| (0+32768)))& (0+255)
   681  00FE  120A  118A  2265  120A  118A  	fcall	_tprint
   682  0103                     l1016:
   683                           
   684                           ;lab10-p2_main-20168.c: 156:             opt_sel = 0x00;
   685  0103  1283               	bcf	3,5	;RP0=0, select bank0
   686  0104  1303               	bcf	3,6	;RP1=0, select bank0
   687  0105  01A6               	clrf	_opt_sel
   688  0106  28C4               	goto	l992
   689  0107  120A  118A  2810   	ljmp	start
   690  010A                     __end_of_main:
   691                           
   692                           	psect	text1
   693  0159                     __ptext1:	
   694 ;; *************** function _setup *****************
   695 ;; Defined at:
   696 ;;		line 50 in file "lab10-p2_main-20168.c"
   697 ;; Parameters:    Size  Location     Type
   698 ;;		None
   699 ;; Auto vars:     Size  Location     Type
   700 ;;		None
   701 ;; Return value:  Size  Location     Type
   702 ;;                  1    wreg      void 
   703 ;; Registers used:
   704 ;;		wreg, status,2, status,0
   705 ;; Tracked objects:
   706 ;;		On entry : 0/0
   707 ;;		On exit  : 0/0
   708 ;;		Unchanged: 0/0
   709 ;; Data sizes:     COMMON   BANK0   BANK1   BANK3   BANK2
   710 ;;      Params:         0       0       0       0       0
   711 ;;      Locals:         0       0       0       0       0
   712 ;;      Temps:          0       1       0       0       0
   713 ;;      Totals:         0       1       0       0       0
   714 ;;Total ram usage:        1 bytes
   715 ;; Hardware stack levels used: 1
   716 ;; Hardware stack levels required when called: 4
   717 ;; This function calls:
   718 ;;		Nothing
   719 ;; This function is called by:
   720 ;;		_main
   721 ;; This function uses a non-reentrant model
   722 ;;
   723                           
   724  0159                     _setup:	
   725                           ;psect for function _setup
   726                           
   727  0159                     l884:	
   728                           ;incstack = 0
   729                           ; Regs used in _setup: [wreg+status,2+status,0]
   730                           
   731                           
   732                           ;lab10-p2_main-20168.c: 51:     ANSEL = 0b00000001;
   733  0159  3001               	movlw	1
   734  015A  1683               	bsf	3,5	;RP0=1, select bank3
   735  015B  1703               	bsf	3,6	;RP1=1, select bank3
   736  015C  0088               	movwf	8	;volatile
   737  015D                     l886:
   738                           
   739                           ;lab10-p2_main-20168.c: 52:     ANSELH = 0;
   740  015D  0189               	clrf	9	;volatile
   741  015E                     l888:
   742                           
   743                           ;lab10-p2_main-20168.c: 54:     TRISA = 0b00000001;
   744  015E  3001               	movlw	1
   745  015F  1683               	bsf	3,5	;RP0=1, select bank1
   746  0160  1303               	bcf	3,6	;RP1=0, select bank1
   747  0161  0085               	movwf	5	;volatile
   748                           
   749                           ;lab10-p2_main-20168.c: 55:     TRISB = 0;
   750  0162  0186               	clrf	6	;volatile
   751                           
   752                           ;lab10-p2_main-20168.c: 56:     PORTA = 0;
   753  0163  1283               	bcf	3,5	;RP0=0, select bank0
   754  0164  1303               	bcf	3,6	;RP1=0, select bank0
   755  0165  0185               	clrf	5	;volatile
   756                           
   757                           ;lab10-p2_main-20168.c: 57:     PORTB = 0;
   758  0166  0186               	clrf	6	;volatile
   759  0167                     l890:
   760                           
   761                           ;lab10-p2_main-20168.c: 60:     INTCONbits.GIE = 1;
   762  0167  178B               	bsf	11,7	;volatile
   763  0168                     l892:
   764                           
   765                           ;lab10-p2_main-20168.c: 61:     INTCONbits.PEIE = 1;
   766  0168  170B               	bsf	11,6	;volatile
   767  0169                     l894:
   768                           
   769                           ;lab10-p2_main-20168.c: 62:     PIR1bits.ADIF = 0;
   770  0169  130C               	bcf	12,6	;volatile
   771  016A                     l896:
   772                           
   773                           ;lab10-p2_main-20168.c: 63:     PIE1bits.ADIE = 1;
   774  016A  1683               	bsf	3,5	;RP0=1, select bank1
   775  016B  1303               	bcf	3,6	;RP1=0, select bank1
   776  016C  170C               	bsf	12,6	;volatile
   777  016D                     l898:
   778                           
   779                           ;lab10-p2_main-20168.c: 66:     OSCCONbits.IRCF = 0b0100;
   780  016D  080F               	movf	15,w	;volatile
   781  016E  398F               	andlw	-113
   782  016F  3840               	iorlw	64
   783  0170  008F               	movwf	15	;volatile
   784  0171                     l900:
   785                           
   786                           ;lab10-p2_main-20168.c: 67:     OSCCONbits.SCS = 1;
   787  0171  140F               	bsf	15,0	;volatile
   788  0172                     l902:
   789                           
   790                           ;lab10-p2_main-20168.c: 70:     ADCON0bits.ADCS = 0b01;
   791  0172  1283               	bcf	3,5	;RP0=0, select bank0
   792  0173  1303               	bcf	3,6	;RP1=0, select bank0
   793  0174  081F               	movf	31,w	;volatile
   794  0175  393F               	andlw	-193
   795  0176  3840               	iorlw	64
   796  0177  009F               	movwf	31	;volatile
   797  0178                     l904:
   798                           
   799                           ;lab10-p2_main-20168.c: 71:     ADCON1bits.VCFG0 = 0;
   800  0178  1683               	bsf	3,5	;RP0=1, select bank1
   801  0179  1303               	bcf	3,6	;RP1=0, select bank1
   802  017A  121F               	bcf	31,4	;volatile
   803  017B                     l906:
   804                           
   805                           ;lab10-p2_main-20168.c: 72:     ADCON1bits.VCFG1 = 0;
   806  017B  129F               	bcf	31,5	;volatile
   807  017C                     l908:
   808                           
   809                           ;lab10-p2_main-20168.c: 74:     ADCON0bits.CHS = 0b0000;
   810  017C  30C3               	movlw	-61
   811  017D  1283               	bcf	3,5	;RP0=0, select bank0
   812  017E  1303               	bcf	3,6	;RP1=0, select bank0
   813  017F  059F               	andwf	31,f	;volatile
   814  0180                     l910:
   815                           
   816                           ;lab10-p2_main-20168.c: 75:     ADCON1bits.ADFM = 0;
   817  0180  1683               	bsf	3,5	;RP0=1, select bank1
   818  0181  1303               	bcf	3,6	;RP1=0, select bank1
   819  0182  139F               	bcf	31,7	;volatile
   820  0183                     l912:
   821                           
   822                           ;lab10-p2_main-20168.c: 76:     ADCON0bits.ADON = 1;
   823  0183  1283               	bcf	3,5	;RP0=0, select bank0
   824  0184  1303               	bcf	3,6	;RP1=0, select bank0
   825  0185  141F               	bsf	31,0	;volatile
   826  0186                     l914:
   827                           
   828                           ;lab10-p2_main-20168.c: 77:     _delay((unsigned long)((40)*(1000000/4000000.0)));
   829  0186  3002               	movlw	2
   830  0187  1283               	bcf	3,5	;RP0=0, select bank0
   831  0188  1303               	bcf	3,6	;RP1=0, select bank0
   832  0189  00A0               	movwf	??_setup
   833  018A                     u317:
   834  018A  0BA0               	decfsz	??_setup,f
   835  018B  298A               	goto	u317
   836  018C  0000               	nop
   837  018D                     l916:
   838                           
   839                           ;lab10-p2_main-20168.c: 80:     TXSTAbits.SYNC = 0;
   840  018D  1683               	bsf	3,5	;RP0=1, select bank1
   841  018E  1303               	bcf	3,6	;RP1=0, select bank1
   842  018F  1218               	bcf	24,4	;volatile
   843  0190                     l918:
   844                           
   845                           ;lab10-p2_main-20168.c: 81:     TXSTAbits.BRGH = 1;
   846  0190  1518               	bsf	24,2	;volatile
   847  0191                     l920:
   848                           
   849                           ;lab10-p2_main-20168.c: 82:     BAUDCTLbits.BRG16 = 1;
   850  0191  1683               	bsf	3,5	;RP0=1, select bank3
   851  0192  1703               	bsf	3,6	;RP1=1, select bank3
   852  0193  1587               	bsf	7,3	;volatile
   853  0194                     l922:
   854                           
   855                           ;lab10-p2_main-20168.c: 83:     SPBRGH = 0;
   856  0194  1683               	bsf	3,5	;RP0=1, select bank1
   857  0195  1303               	bcf	3,6	;RP1=0, select bank1
   858  0196  019A               	clrf	26	;volatile
   859  0197                     l924:
   860                           
   861                           ;lab10-p2_main-20168.c: 84:     SPBRG = 25;
   862  0197  3019               	movlw	25
   863  0198  0099               	movwf	25	;volatile
   864  0199                     l926:
   865                           
   866                           ;lab10-p2_main-20168.c: 85:     RCSTAbits.SPEN = 1;
   867  0199  1283               	bcf	3,5	;RP0=0, select bank0
   868  019A  1303               	bcf	3,6	;RP1=0, select bank0
   869  019B  1798               	bsf	24,7	;volatile
   870  019C                     l928:
   871                           
   872                           ;lab10-p2_main-20168.c: 86:     TXSTAbits.TXEN = 1;
   873  019C  1683               	bsf	3,5	;RP0=1, select bank1
   874  019D  1303               	bcf	3,6	;RP1=0, select bank1
   875  019E  1698               	bsf	24,5	;volatile
   876  019F                     l930:
   877                           
   878                           ;lab10-p2_main-20168.c: 87:     RCSTAbits.CREN = 1;
   879  019F  1283               	bcf	3,5	;RP0=0, select bank0
   880  01A0  1303               	bcf	3,6	;RP1=0, select bank0
   881  01A1  1618               	bsf	24,4	;volatile
   882  01A2                     l932:
   883                           
   884                           ;lab10-p2_main-20168.c: 88:     PIE1bits.RCIE = 1;
   885  01A2  1683               	bsf	3,5	;RP0=1, select bank1
   886  01A3  1303               	bcf	3,6	;RP1=0, select bank1
   887  01A4  168C               	bsf	12,5	;volatile
   888  01A5                     l61:
   889  01A5  0008               	return
   890  01A6                     __end_of_setup:
   891                           
   892                           	psect	text2
   893  01A6                     __ptext2:	
   894 ;; *************** function _item_list *****************
   895 ;; Defined at:
   896 ;;		line 163 in file "lab10-p2_main-20168.c"
   897 ;; Parameters:    Size  Location     Type
   898 ;;		None
   899 ;; Auto vars:     Size  Location     Type
   900 ;;		None
   901 ;; Return value:  Size  Location     Type
   902 ;;                  1    wreg      void 
   903 ;; Registers used:
   904 ;;		wreg, fsr0l, fsr0h, status,2, status,0, btemp+1, pclath, cstack
   905 ;; Tracked objects:
   906 ;;		On entry : 0/0
   907 ;;		On exit  : 0/0
   908 ;;		Unchanged: 0/0
   909 ;; Data sizes:     COMMON   BANK0   BANK1   BANK3   BANK2
   910 ;;      Params:         0       0       0       0       0
   911 ;;      Locals:         0       0       0       0       0
   912 ;;      Temps:          0       0       0       0       0
   913 ;;      Totals:         0       0       0       0       0
   914 ;;Total ram usage:        0 bytes
   915 ;; Hardware stack levels used: 1
   916 ;; Hardware stack levels required when called: 5
   917 ;; This function calls:
   918 ;;		_enter
   919 ;;		_tprint
   920 ;; This function is called by:
   921 ;;		_main
   922 ;; This function uses a non-reentrant model
   923 ;;
   924                           
   925  01A6                     _item_list:	
   926                           ;psect for function _item_list
   927                           
   928  01A6                     l934:	
   929                           ;incstack = 0
   930                           ; Regs used in _item_list: [wreg-fsr0h+status,2+status,0+btemp+1+pclath+cstack]
   931                           
   932                           
   933                           ;lab10-p2_main-20168.c: 164:     enter(2);
   934  01A6  3002               	movlw	2
   935  01A7  1283               	bcf	3,5	;RP0=0, select bank0
   936  01A8  1303               	bcf	3,6	;RP1=0, select bank0
   937  01A9  00A0               	movwf	enter@a
   938  01AA  3000               	movlw	0
   939  01AB  00A1               	movwf	enter@a+1
   940  01AC  120A  118A  221C  120A  118A  	fcall	_enter
   941  01B1                     l936:
   942                           
   943                           ;lab10-p2_main-20168.c: 165:     tprint("----------------Main Menu-------------------");
   944  01B1  3001               	movlw	(low ((STR_3-__stringbase)| (0+32768)))& (0+255)
   945  01B2  120A  118A  2265  120A  118A  	fcall	_tprint
   946  01B7                     l938:
   947                           
   948                           ;lab10-p2_main-20168.c: 166:     enter(1);
   949  01B7  3001               	movlw	1
   950  01B8  1283               	bcf	3,5	;RP0=0, select bank0
   951  01B9  1303               	bcf	3,6	;RP1=0, select bank0
   952  01BA  00A0               	movwf	enter@a
   953  01BB  3000               	movlw	0
   954  01BC  00A1               	movwf	enter@a+1
   955  01BD  120A  118A  221C  120A  118A  	fcall	_enter
   956                           
   957                           ;lab10-p2_main-20168.c: 167:     tprint("a) Lectura del potenciometro.");
   958  01C2  302E               	movlw	(low ((STR_4-__stringbase)| (0+32768)))& (0+255)
   959  01C3  120A  118A  2265  120A  118A  	fcall	_tprint
   960  01C8                     l940:
   961                           
   962                           ;lab10-p2_main-20168.c: 168:     enter(1);
   963  01C8  3001               	movlw	1
   964  01C9  1283               	bcf	3,5	;RP0=0, select bank0
   965  01CA  1303               	bcf	3,6	;RP1=0, select bank0
   966  01CB  00A0               	movwf	enter@a
   967  01CC  3000               	movlw	0
   968  01CD  00A1               	movwf	enter@a+1
   969  01CE  120A  118A  221C  120A  118A  	fcall	_enter
   970  01D3                     l942:
   971                           
   972                           ;lab10-p2_main-20168.c: 169:     tprint("b) Enviar ASCII.");
   973  01D3  3082               	movlw	(low ((STR_5-__stringbase)| (0+32768)))& (0+255)
   974  01D4  120A  118A  2265  120A  118A  	fcall	_tprint
   975                           
   976                           ;lab10-p2_main-20168.c: 170:     enter(2);
   977  01D9  3002               	movlw	2
   978  01DA  1283               	bcf	3,5	;RP0=0, select bank0
   979  01DB  1303               	bcf	3,6	;RP1=0, select bank0
   980  01DC  00A0               	movwf	enter@a
   981  01DD  3000               	movlw	0
   982  01DE  00A1               	movwf	enter@a+1
   983  01DF  120A  118A  221C  120A  118A  	fcall	_enter
   984  01E4                     l102:
   985  01E4  0008               	return
   986  01E5                     __end_of_item_list:
   987                           
   988                           	psect	text3
   989  0265                     __ptext3:	
   990 ;; *************** function _tprint *****************
   991 ;; Defined at:
   992 ;;		line 100 in file "lab10-p2_main-20168.c"
   993 ;; Parameters:    Size  Location     Type
   994 ;;  string          1    wreg     PTR unsigned char 
   995 ;;		 -> STR_5(17), STR_4(30), STR_3(45), STR_2(28), 
   996 ;;		 -> STR_1(26), 
   997 ;; Auto vars:     Size  Location     Type
   998 ;;  string          1    1[BANK0 ] PTR unsigned char 
   999 ;;		 -> STR_5(17), STR_4(30), STR_3(45), STR_2(28), 
  1000 ;;		 -> STR_1(26), 
  1001 ;; Return value:  Size  Location     Type
  1002 ;;                  1    wreg      void 
  1003 ;; Registers used:
  1004 ;;		wreg, fsr0l, fsr0h, status,2, status,0, pclath
  1005 ;; Tracked objects:
  1006 ;;		On entry : 0/0
  1007 ;;		On exit  : 0/0
  1008 ;;		Unchanged: 0/0
  1009 ;; Data sizes:     COMMON   BANK0   BANK1   BANK3   BANK2
  1010 ;;      Params:         0       0       0       0       0
  1011 ;;      Locals:         0       1       0       0       0
  1012 ;;      Temps:          0       1       0       0       0
  1013 ;;      Totals:         0       2       0       0       0
  1014 ;;Total ram usage:        2 bytes
  1015 ;; Hardware stack levels used: 1
  1016 ;; Hardware stack levels required when called: 4
  1017 ;; This function calls:
  1018 ;;		Nothing
  1019 ;; This function is called by:
  1020 ;;		_main
  1021 ;;		_item_list
  1022 ;; This function uses a non-reentrant model
  1023 ;;
  1024                           
  1025  0265                     _tprint:	
  1026                           ;psect for function _tprint
  1027                           
  1028                           
  1029                           ;incstack = 0
  1030                           ; Regs used in _tprint: [wreg-fsr0h+status,2+status,0+pclath]
  1031                           ;tprint@string stored from wreg
  1032  0265  1283               	bcf	3,5	;RP0=0, select bank0
  1033  0266  1303               	bcf	3,6	;RP1=0, select bank0
  1034  0267  00A1               	movwf	tprint@string
  1035  0268                     l862:
  1036                           
  1037                           ;lab10-p2_main-20168.c: 101:     while(*string != '\0'){
  1038  0268  2A79               	goto	l868
  1039  0269                     l72:
  1040  0269  1E0C               	btfss	12,4	;volatile
  1041  026A  2A6C               	goto	u161
  1042  026B  2A6D               	goto	u160
  1043  026C                     u161:
  1044  026C  2A69               	goto	l72
  1045  026D                     u160:
  1046  026D                     l864:
  1047                           
  1048                           ;lab10-p2_main-20168.c: 103:         TXREG = *string;
  1049  026D  0821               	movf	tprint@string,w
  1050  026E  0084               	movwf	4
  1051  026F  120A  118A  2022  120A  118A  	fcall	stringdir
  1052  0274  0099               	movwf	25	;volatile
  1053  0275                     l866:
  1054                           
  1055                           ;lab10-p2_main-20168.c: 104:         *string++;
  1056  0275  3001               	movlw	1
  1057  0276  00A0               	movwf	??_tprint
  1058  0277  0820               	movf	??_tprint,w
  1059  0278  07A1               	addwf	tprint@string,f
  1060  0279                     l868:
  1061                           
  1062                           ;lab10-p2_main-20168.c: 101:     while(*string != '\0'){
  1063  0279  0821               	movf	tprint@string,w
  1064  027A  0084               	movwf	4
  1065  027B  120A  118A  2022  120A  118A  	fcall	stringdir
  1066  0280  3A00               	xorlw	0
  1067  0281  1D03               	skipz
  1068  0282  2A84               	goto	u171
  1069  0283  2A85               	goto	u170
  1070  0284                     u171:
  1071  0284  2A69               	goto	l72
  1072  0285                     u170:
  1073  0285                     l76:
  1074  0285  0008               	return
  1075  0286                     __end_of_tprint:
  1076                           
  1077                           	psect	text4
  1078  021C                     __ptext4:	
  1079 ;; *************** function _enter *****************
  1080 ;; Defined at:
  1081 ;;		line 91 in file "lab10-p2_main-20168.c"
  1082 ;; Parameters:    Size  Location     Type
  1083 ;;  a               2    0[BANK0 ] int 
  1084 ;; Auto vars:     Size  Location     Type
  1085 ;;		None
  1086 ;; Return value:  Size  Location     Type
  1087 ;;                  1    wreg      void 
  1088 ;; Registers used:
  1089 ;;		wreg, btemp+1
  1090 ;; Tracked objects:
  1091 ;;		On entry : 0/0
  1092 ;;		On exit  : 0/0
  1093 ;;		Unchanged: 0/0
  1094 ;; Data sizes:     COMMON   BANK0   BANK1   BANK3   BANK2
  1095 ;;      Params:         0       2       0       0       0
  1096 ;;      Locals:         0       0       0       0       0
  1097 ;;      Temps:          0       2       0       0       0
  1098 ;;      Totals:         0       4       0       0       0
  1099 ;;Total ram usage:        4 bytes
  1100 ;; Hardware stack levels used: 1
  1101 ;; Hardware stack levels required when called: 4
  1102 ;; This function calls:
  1103 ;;		Nothing
  1104 ;; This function is called by:
  1105 ;;		_item_list
  1106 ;; This function uses a non-reentrant model
  1107 ;;
  1108                           
  1109  021C                     _enter:	
  1110                           ;psect for function _enter
  1111                           
  1112  021C                     l856:	
  1113                           ;incstack = 0
  1114                           ; Regs used in _enter: [wreg+btemp+1]
  1115                           
  1116                           
  1117                           ;lab10-p2_main-20168.c: 92:     while(a>0){
  1118  021C  2A33               	goto	l860
  1119  021D                     l858:
  1120                           
  1121                           ;lab10-p2_main-20168.c: 93:         a--;
  1122  021D  30FF               	movlw	255
  1123  021E  1283               	bcf	3,5	;RP0=0, select bank0
  1124  021F  1303               	bcf	3,6	;RP1=0, select bank0
  1125  0220  07A0               	addwf	enter@a,f
  1126  0221  1803               	skipnc
  1127  0222  0AA1               	incf	enter@a+1,f
  1128  0223  30FF               	movlw	255
  1129  0224  07A1               	addwf	enter@a+1,f
  1130                           
  1131                           ;lab10-p2_main-20168.c: 94:         _delay((unsigned long)((40)*(1000000/4000.0)));
  1132  0225  300D               	movlw	13
  1133  0226  1283               	bcf	3,5	;RP0=0, select bank0
  1134  0227  1303               	bcf	3,6	;RP1=0, select bank0
  1135  0228  00A3               	movwf	??_enter+1
  1136  0229  30FB               	movlw	251
  1137  022A  00A2               	movwf	??_enter
  1138  022B                     u327:
  1139  022B  0BA2               	decfsz	??_enter,f
  1140  022C  2A2B               	goto	u327
  1141  022D  0BA3               	decfsz	??_enter+1,f
  1142  022E  2A2B               	goto	u327
  1143                           
  1144                           ;lab10-p2_main-20168.c: 95:         TXREG = vacio;
  1145  022F  1283               	bcf	3,5	;RP0=0, select bank0
  1146  0230  1303               	bcf	3,6	;RP1=0, select bank0
  1147  0231  0828               	movf	_vacio,w
  1148  0232  0099               	movwf	25	;volatile
  1149  0233                     l860:
  1150                           
  1151                           ;lab10-p2_main-20168.c: 92:     while(a>0){
  1152  0233  1283               	bcf	3,5	;RP0=0, select bank0
  1153  0234  1303               	bcf	3,6	;RP1=0, select bank0
  1154  0235  0821               	movf	enter@a+1,w
  1155  0236  3A80               	xorlw	128
  1156  0237  00FF               	movwf	btemp+1
  1157  0238  3080               	movlw	128
  1158  0239  027F               	subwf	btemp+1,w
  1159  023A  1D03               	skipz
  1160  023B  2A3E               	goto	u155
  1161  023C  3001               	movlw	1
  1162  023D  0220               	subwf	enter@a,w
  1163  023E                     u155:
  1164  023E  1803               	skipnc
  1165  023F  2A41               	goto	u151
  1166  0240  2A42               	goto	u150
  1167  0241                     u151:
  1168  0241  2A1D               	goto	l858
  1169  0242                     u150:
  1170  0242                     l67:
  1171  0242  0008               	return
  1172  0243                     __end_of_enter:
  1173                           
  1174                           	psect	text5
  1175  010A                     __ptext5:	
  1176 ;; *************** function _isr *****************
  1177 ;; Defined at:
  1178 ;;		line 109 in file "lab10-p2_main-20168.c"
  1179 ;; Parameters:    Size  Location     Type
  1180 ;;		None
  1181 ;; Auto vars:     Size  Location     Type
  1182 ;;		None
  1183 ;; Return value:  Size  Location     Type
  1184 ;;                  1    wreg      void 
  1185 ;; Registers used:
  1186 ;;		wreg, fsr0l, fsr0h, status,2, status,0, btemp+1, pclath, cstack
  1187 ;; Tracked objects:
  1188 ;;		On entry : 0/0
  1189 ;;		On exit  : 0/0
  1190 ;;		Unchanged: 0/0
  1191 ;; Data sizes:     COMMON   BANK0   BANK1   BANK3   BANK2
  1192 ;;      Params:         0       0       0       0       0
  1193 ;;      Locals:         0       0       0       0       0
  1194 ;;      Temps:          5       0       0       0       0
  1195 ;;      Totals:         5       0       0       0       0
  1196 ;;Total ram usage:        5 bytes
  1197 ;; Hardware stack levels used: 1
  1198 ;; Hardware stack levels required when called: 3
  1199 ;; This function calls:
  1200 ;;		i1_enter
  1201 ;;		i1_item_list
  1202 ;; This function is called by:
  1203 ;;		Interrupt level 1
  1204 ;; This function uses a non-reentrant model
  1205 ;;
  1206                           
  1207  010A                     _isr:	
  1208                           ;psect for function _isr
  1209                           
  1210  010A                     i1l954:
  1211                           
  1212                           ;lab10-p2_main-20168.c: 110:     if (PIR1bits.ADIF){
  1213  010A  1283               	bcf	3,5	;RP0=0, select bank0
  1214  010B  1303               	bcf	3,6	;RP1=0, select bank0
  1215  010C  1F0C               	btfss	12,6	;volatile
  1216  010D  290F               	goto	u21_21
  1217  010E  2910               	goto	u21_20
  1218  010F                     u21_21:
  1219  010F  291E               	goto	i1l962
  1220  0110                     u21_20:
  1221  0110                     i1l956:
  1222                           
  1223                           ;lab10-p2_main-20168.c: 111:         if (ADCON0bits.CHS == 0){
  1224  0110  0C1F               	rrf	31,w	;volatile
  1225  0111  00F4               	movwf	??_isr
  1226  0112  0C74               	rrf	??_isr,w
  1227  0113  390F               	andlw	15
  1228  0114  3A00               	xorlw	0
  1229  0115  1D03               	skipz
  1230  0116  2918               	goto	u22_21
  1231  0117  2919               	goto	u22_20
  1232  0118                     u22_21:
  1233  0118  291D               	goto	i1l960
  1234  0119                     u22_20:
  1235  0119                     i1l958:
  1236                           
  1237                           ;lab10-p2_main-20168.c: 112:            pot1 = ADRESH;
  1238  0119  081E               	movf	30,w	;volatile
  1239  011A  00F4               	movwf	??_isr
  1240  011B  0874               	movf	??_isr,w
  1241  011C  00A7               	movwf	_pot1
  1242  011D                     i1l960:
  1243                           
  1244                           ;lab10-p2_main-20168.c: 114:         PIR1bits.ADIF = 0;
  1245  011D  130C               	bcf	12,6	;volatile
  1246  011E                     i1l962:
  1247                           
  1248                           ;lab10-p2_main-20168.c: 117:     if (RCIF){
  1249  011E  1E8C               	btfss	12,5	;volatile
  1250  011F  2921               	goto	u23_21
  1251  0120  2922               	goto	u23_20
  1252  0121                     u23_21:
  1253  0121  294E               	goto	i1l87
  1254  0122                     u23_20:
  1255  0122                     i1l964:
  1256                           
  1257                           ;lab10-p2_main-20168.c: 118:         if (state_flag == 0){
  1258  0122  0879               	movf	_state_flag,w
  1259  0123  047A               	iorwf	_state_flag+1,w
  1260  0124  1D03               	btfss	3,2
  1261  0125  2927               	goto	u24_21
  1262  0126  2928               	goto	u24_20
  1263  0127                     u24_21:
  1264  0127  292E               	goto	i1l970
  1265  0128                     u24_20:
  1266  0128                     i1l966:
  1267                           
  1268                           ;lab10-p2_main-20168.c: 119:             opt_sel = RCREG;
  1269  0128  081A               	movf	26,w	;volatile
  1270  0129  00F4               	movwf	??_isr
  1271  012A  0874               	movf	??_isr,w
  1272  012B  00A6               	movwf	_opt_sel
  1273  012C                     i1l968:
  1274                           
  1275                           ;lab10-p2_main-20168.c: 120:             RCREG = 0;
  1276  012C  019A               	clrf	26	;volatile
  1277                           
  1278                           ;lab10-p2_main-20168.c: 121:         }
  1279  012D  294E               	goto	i1l87
  1280  012E                     i1l970:
  1281  012E  0379               	decf	_state_flag,w
  1282  012F  047A               	iorwf	_state_flag+1,w
  1283  0130  1D03               	btfss	3,2
  1284  0131  2933               	goto	u25_21
  1285  0132  2934               	goto	u25_20
  1286  0133                     u25_21:
  1287  0133  294E               	goto	i1l83
  1288  0134                     u25_20:
  1289  0134                     i1l972:
  1290                           
  1291                           ;lab10-p2_main-20168.c: 123:             state_flag = 0;
  1292  0134  01F9               	clrf	_state_flag
  1293  0135  01FA               	clrf	_state_flag+1
  1294  0136                     i1l974:
  1295                           
  1296                           ;lab10-p2_main-20168.c: 124:             portb_char = RCREG;
  1297  0136  081A               	movf	26,w	;volatile
  1298  0137  00F4               	movwf	??_isr
  1299  0138  0874               	movf	??_isr,w
  1300  0139  00FB               	movwf	_portb_char
  1301  013A                     i1l976:
  1302                           
  1303                           ;lab10-p2_main-20168.c: 125:             TXREG = portb_char;
  1304  013A  087B               	movf	_portb_char,w
  1305  013B  0099               	movwf	25	;volatile
  1306  013C                     i1l978:
  1307                           
  1308                           ;lab10-p2_main-20168.c: 126:             PORTB = portb_char;
  1309  013C  087B               	movf	_portb_char,w
  1310  013D  0086               	movwf	6	;volatile
  1311  013E                     i1l980:
  1312                           
  1313                           ;lab10-p2_main-20168.c: 127:             RCREG = 0;
  1314  013E  019A               	clrf	26	;volatile
  1315  013F                     i1l982:
  1316                           
  1317                           ;lab10-p2_main-20168.c: 128:             enter(1);
  1318  013F  3001               	movlw	1
  1319  0140  00F0               	movwf	i1enter@a
  1320  0141  3000               	movlw	0
  1321  0142  00F1               	movwf	i1enter@a+1
  1322  0143  120A  118A  2243  120A  118A  	fcall	i1_enter
  1323  0148                     i1l984:
  1324                           
  1325                           ;lab10-p2_main-20168.c: 129:             item_list();
  1326  0148  120A  118A  21E5  120A  118A  	fcall	i1_item_list
  1327  014D  294E               	goto	i1l87
  1328  014E                     i1l83:	
  1329                           ;lab10-p2_main-20168.c: 131:     }
  1330                           
  1331  014E                     i1l87:
  1332  014E  0878               	movf	??_isr+4,w
  1333  014F  00FF               	movwf	btemp+1
  1334  0150  0877               	movf	??_isr+3,w
  1335  0151  008A               	movwf	10
  1336  0152  0876               	movf	??_isr+2,w
  1337  0153  0084               	movwf	4
  1338  0154  0E75               	swapf	??_isr+1,w
  1339  0155  0083               	movwf	3
  1340  0156  0EFE               	swapf	btemp,f
  1341  0157  0E7E               	swapf	btemp,w
  1342  0158  0009               	retfie
  1343  0159                     __end_of_isr:
  1344                           
  1345                           	psect	intentry
  1346  0004                     __pintentry:	
  1347                           ;incstack = 0
  1348                           ; Regs used in _isr: [wreg-fsr0h+status,2+status,0+btemp+1+pclath+cstack]
  1349                           
  1350  0004                     interrupt_function:
  1351  007E                     saved_w	set	btemp
  1352  0004  00FE               	movwf	btemp
  1353  0005  0E03               	swapf	3,w
  1354  0006  00F5               	movwf	??_isr+1
  1355  0007  0804               	movf	4,w
  1356  0008  00F6               	movwf	??_isr+2
  1357  0009  080A               	movf	10,w
  1358  000A  00F7               	movwf	??_isr+3
  1359  000B  087F               	movf	btemp+1,w
  1360  000C  00F8               	movwf	??_isr+4
  1361  000D  120A  118A  290A   	ljmp	_isr
  1362                           
  1363                           	psect	text6
  1364  01E5                     __ptext6:	
  1365 ;; *************** function i1_item_list *****************
  1366 ;; Defined at:
  1367 ;;		line 163 in file "lab10-p2_main-20168.c"
  1368 ;; Parameters:    Size  Location     Type
  1369 ;;		None
  1370 ;; Auto vars:     Size  Location     Type
  1371 ;;		None
  1372 ;; Return value:  Size  Location     Type
  1373 ;;                  1    wreg      void 
  1374 ;; Registers used:
  1375 ;;		wreg, fsr0l, fsr0h, status,2, status,0, btemp+1, pclath, cstack
  1376 ;; Tracked objects:
  1377 ;;		On entry : 0/0
  1378 ;;		On exit  : 0/0
  1379 ;;		Unchanged: 0/0
  1380 ;; Data sizes:     COMMON   BANK0   BANK1   BANK3   BANK2
  1381 ;;      Params:         0       0       0       0       0
  1382 ;;      Locals:         0       0       0       0       0
  1383 ;;      Temps:          0       0       0       0       0
  1384 ;;      Totals:         0       0       0       0       0
  1385 ;;Total ram usage:        0 bytes
  1386 ;; Hardware stack levels used: 1
  1387 ;; Hardware stack levels required when called: 2
  1388 ;; This function calls:
  1389 ;;		i1_enter
  1390 ;;		i1_tprint
  1391 ;; This function is called by:
  1392 ;;		_isr
  1393 ;; This function uses a non-reentrant model
  1394 ;;
  1395                           
  1396  01E5                     i1_item_list:	
  1397                           ;psect for function i1_item_list
  1398                           
  1399  01E5                     i1l944:	
  1400                           ;incstack = 0
  1401                           ; Regs used in i1_item_list: [wreg-fsr0h+status,2+status,0+btemp+1+pclath+cstack]
  1402                           
  1403                           
  1404                           ;lab10-p2_main-20168.c: 164:     enter(2);
  1405  01E5  3002               	movlw	2
  1406  01E6  00F0               	movwf	i1enter@a
  1407  01E7  3000               	movlw	0
  1408  01E8  00F1               	movwf	i1enter@a+1
  1409  01E9  120A  118A  2243  120A  118A  	fcall	i1_enter
  1410  01EE                     i1l946:
  1411                           
  1412                           ;lab10-p2_main-20168.c: 165:     tprint("----------------Main Menu-------------------");
  1413  01EE  3001               	movlw	(low ((STR_3-__stringbase)| (0+32768)))& (0+255)
  1414  01EF  120A  118A  2286  120A  118A  	fcall	i1_tprint
  1415  01F4                     i1l948:
  1416                           
  1417                           ;lab10-p2_main-20168.c: 166:     enter(1);
  1418  01F4  3001               	movlw	1
  1419  01F5  00F0               	movwf	i1enter@a
  1420  01F6  3000               	movlw	0
  1421  01F7  00F1               	movwf	i1enter@a+1
  1422  01F8  120A  118A  2243  120A  118A  	fcall	i1_enter
  1423                           
  1424                           ;lab10-p2_main-20168.c: 167:     tprint("a) Lectura del potenciometro.");
  1425  01FD  302E               	movlw	(low ((STR_4-__stringbase)| (0+32768)))& (0+255)
  1426  01FE  120A  118A  2286  120A  118A  	fcall	i1_tprint
  1427  0203                     i1l950:
  1428                           
  1429                           ;lab10-p2_main-20168.c: 168:     enter(1);
  1430  0203  3001               	movlw	1
  1431  0204  00F0               	movwf	i1enter@a
  1432  0205  3000               	movlw	0
  1433  0206  00F1               	movwf	i1enter@a+1
  1434  0207  120A  118A  2243  120A  118A  	fcall	i1_enter
  1435  020C                     i1l952:
  1436                           
  1437                           ;lab10-p2_main-20168.c: 169:     tprint("b) Enviar ASCII.");
  1438  020C  3082               	movlw	(low ((STR_5-__stringbase)| (0+32768)))& (0+255)
  1439  020D  120A  118A  2286  120A  118A  	fcall	i1_tprint
  1440                           
  1441                           ;lab10-p2_main-20168.c: 170:     enter(2);
  1442  0212  3002               	movlw	2
  1443  0213  00F0               	movwf	i1enter@a
  1444  0214  3000               	movlw	0
  1445  0215  00F1               	movwf	i1enter@a+1
  1446  0216  120A  118A  2243  120A  118A  	fcall	i1_enter
  1447  021B                     i1l102:
  1448  021B  0008               	return
  1449  021C                     __end_ofi1_item_list:
  1450                           
  1451                           	psect	text7
  1452  0286                     __ptext7:	
  1453 ;; *************** function i1_tprint *****************
  1454 ;; Defined at:
  1455 ;;		line 100 in file "lab10-p2_main-20168.c"
  1456 ;; Parameters:    Size  Location     Type
  1457 ;;  string          1    wreg     PTR unsigned char 
  1458 ;;		 -> STR_5(17), STR_4(30), STR_3(45), STR_2(28), 
  1459 ;;		 -> STR_1(26), 
  1460 ;; Auto vars:     Size  Location     Type
  1461 ;;  string          1    1[COMMON] PTR unsigned char 
  1462 ;;		 -> STR_5(17), STR_4(30), STR_3(45), STR_2(28), 
  1463 ;;		 -> STR_1(26), 
  1464 ;; Return value:  Size  Location     Type
  1465 ;;                  1    wreg      void 
  1466 ;; Registers used:
  1467 ;;		wreg, fsr0l, fsr0h, status,2, status,0, pclath
  1468 ;; Tracked objects:
  1469 ;;		On entry : 0/0
  1470 ;;		On exit  : 0/0
  1471 ;;		Unchanged: 0/0
  1472 ;; Data sizes:     COMMON   BANK0   BANK1   BANK3   BANK2
  1473 ;;      Params:         0       0       0       0       0
  1474 ;;      Locals:         1       0       0       0       0
  1475 ;;      Temps:          1       0       0       0       0
  1476 ;;      Totals:         2       0       0       0       0
  1477 ;;Total ram usage:        2 bytes
  1478 ;; Hardware stack levels used: 2
  1479 ;; This function calls:
  1480 ;;		Nothing
  1481 ;; This function is called by:
  1482 ;;		i1_item_list
  1483 ;; This function uses a non-reentrant model
  1484 ;;
  1485                           
  1486  0286                     i1_tprint:	
  1487                           ;psect for function i1_tprint
  1488                           
  1489                           
  1490                           ;incstack = 0
  1491                           ; Regs used in i1_tprint: [wreg-fsr0h+status,2+status,0+pclath]
  1492                           ;i1tprint@string stored from wreg
  1493  0286  00F1               	movwf	i1tprint@string
  1494  0287                     i1l876:
  1495                           
  1496                           ;lab10-p2_main-20168.c: 101:     while(*string != '\0'){
  1497  0287  2A9A               	goto	i1l882
  1498  0288                     i1l72:
  1499  0288  1283               	bcf	3,5	;RP0=0, select bank0
  1500  0289  1303               	bcf	3,6	;RP1=0, select bank0
  1501  028A  1E0C               	btfss	12,4	;volatile
  1502  028B  2A8D               	goto	u19_21
  1503  028C  2A8E               	goto	u19_20
  1504  028D                     u19_21:
  1505  028D  2A88               	goto	i1l72
  1506  028E                     u19_20:
  1507  028E                     i1l878:
  1508                           
  1509                           ;lab10-p2_main-20168.c: 103:         TXREG = *string;
  1510  028E  0871               	movf	i1tprint@string,w
  1511  028F  0084               	movwf	4
  1512  0290  120A  118A  2022  120A  118A  	fcall	stringdir
  1513  0295  0099               	movwf	25	;volatile
  1514  0296                     i1l880:
  1515                           
  1516                           ;lab10-p2_main-20168.c: 104:         *string++;
  1517  0296  3001               	movlw	1
  1518  0297  00F0               	movwf	??i1_tprint
  1519  0298  0870               	movf	??i1_tprint,w
  1520  0299  07F1               	addwf	i1tprint@string,f
  1521  029A                     i1l882:
  1522                           
  1523                           ;lab10-p2_main-20168.c: 101:     while(*string != '\0'){
  1524  029A  0871               	movf	i1tprint@string,w
  1525  029B  0084               	movwf	4
  1526  029C  120A  118A  2022  120A  118A  	fcall	stringdir
  1527  02A1  3A00               	xorlw	0
  1528  02A2  1D03               	skipz
  1529  02A3  2AA5               	goto	u20_21
  1530  02A4  2AA6               	goto	u20_20
  1531  02A5                     u20_21:
  1532  02A5  2A88               	goto	i1l72
  1533  02A6                     u20_20:
  1534  02A6                     i1l76:
  1535  02A6  0008               	return
  1536  02A7                     __end_ofi1_tprint:
  1537                           
  1538                           	psect	text8
  1539  0243                     __ptext8:	
  1540 ;; *************** function i1_enter *****************
  1541 ;; Defined at:
  1542 ;;		line 91 in file "lab10-p2_main-20168.c"
  1543 ;; Parameters:    Size  Location     Type
  1544 ;;  a               2    0[COMMON] int 
  1545 ;; Auto vars:     Size  Location     Type
  1546 ;;		None
  1547 ;; Return value:  Size  Location     Type
  1548 ;;                  1    wreg      void 
  1549 ;; Registers used:
  1550 ;;		wreg, btemp+1
  1551 ;; Tracked objects:
  1552 ;;		On entry : 0/0
  1553 ;;		On exit  : 0/0
  1554 ;;		Unchanged: 0/0
  1555 ;; Data sizes:     COMMON   BANK0   BANK1   BANK3   BANK2
  1556 ;;      Params:         2       0       0       0       0
  1557 ;;      Locals:         0       0       0       0       0
  1558 ;;      Temps:          2       0       0       0       0
  1559 ;;      Totals:         4       0       0       0       0
  1560 ;;Total ram usage:        4 bytes
  1561 ;; Hardware stack levels used: 1
  1562 ;; This function calls:
  1563 ;;		Nothing
  1564 ;; This function is called by:
  1565 ;;		_isr
  1566 ;;		i1_item_list
  1567 ;; This function uses a non-reentrant model
  1568 ;;
  1569                           
  1570  0243                     i1_enter:	
  1571                           ;psect for function i1_enter
  1572                           
  1573  0243                     i1l870:	
  1574                           ;incstack = 0
  1575                           ; Regs used in i1_enter: [wreg+btemp+1]
  1576                           
  1577                           
  1578                           ;lab10-p2_main-20168.c: 92:     while(a>0){
  1579  0243  2A57               	goto	i1l874
  1580  0244                     i1l872:
  1581                           
  1582                           ;lab10-p2_main-20168.c: 93:         a--;
  1583  0244  30FF               	movlw	255
  1584  0245  07F0               	addwf	i1enter@a,f
  1585  0246  1803               	skipnc
  1586  0247  0AF1               	incf	i1enter@a+1,f
  1587  0248  30FF               	movlw	255
  1588  0249  07F1               	addwf	i1enter@a+1,f
  1589                           
  1590                           ;lab10-p2_main-20168.c: 94:         _delay((unsigned long)((40)*(1000000/4000.0)));
  1591  024A  300D               	movlw	13
  1592  024B  00F3               	movwf	??i1_enter+1
  1593  024C  30FB               	movlw	251
  1594  024D  00F2               	movwf	??i1_enter
  1595  024E                     u33_27:
  1596  024E  0BF2               	decfsz	??i1_enter,f
  1597  024F  2A4E               	goto	u33_27
  1598  0250  0BF3               	decfsz	??i1_enter+1,f
  1599  0251  2A4E               	goto	u33_27
  1600  0252  2A53               	nop2
  1601                           
  1602                           ;lab10-p2_main-20168.c: 95:         TXREG = vacio;
  1603  0253  1283               	bcf	3,5	;RP0=0, select bank0
  1604  0254  1303               	bcf	3,6	;RP1=0, select bank0
  1605  0255  0828               	movf	_vacio,w
  1606  0256  0099               	movwf	25	;volatile
  1607  0257                     i1l874:
  1608                           
  1609                           ;lab10-p2_main-20168.c: 92:     while(a>0){
  1610  0257  0871               	movf	i1enter@a+1,w
  1611  0258  3A80               	xorlw	128
  1612  0259  00FF               	movwf	btemp+1
  1613  025A  3080               	movlw	128
  1614  025B  027F               	subwf	btemp+1,w
  1615  025C  1D03               	skipz
  1616  025D  2A60               	goto	u18_25
  1617  025E  3001               	movlw	1
  1618  025F  0270               	subwf	i1enter@a,w
  1619  0260                     u18_25:
  1620  0260  1803               	skipnc
  1621  0261  2A63               	goto	u18_21
  1622  0262  2A64               	goto	u18_20
  1623  0263                     u18_21:
  1624  0263  2A44               	goto	i1l872
  1625  0264                     u18_20:
  1626  0264                     i1l67:
  1627  0264  0008               	return
  1628  0265                     __end_ofi1_enter:
  1629  007E                     btemp	set	126	;btemp
  1630  007E                     wtemp0	set	126
  1631                           
  1632                           	psect	idloc
  1633                           
  1634                           ;Config register IDLOC0 @ 0x2000
  1635                           ;	unspecified, using default values
  1636  2000                     	org	8192
  1637  2000  3FFF               	dw	16383
  1638                           
  1639                           ;Config register IDLOC1 @ 0x2001
  1640                           ;	unspecified, using default values
  1641  2001                     	org	8193
  1642  2001  3FFF               	dw	16383
  1643                           
  1644                           ;Config register IDLOC2 @ 0x2002
  1645                           ;	unspecified, using default values
  1646  2002                     	org	8194
  1647  2002  3FFF               	dw	16383
  1648                           
  1649                           ;Config register IDLOC3 @ 0x2003
  1650                           ;	unspecified, using default values
  1651  2003                     	org	8195
  1652  2003  3FFF               	dw	16383
  1653                           
  1654                           	psect	config
  1655                           
  1656                           ;Config register CONFIG1 @ 0x2007
  1657                           ;	Oscillator Selection bits
  1658                           ;	FOSC = INTRC_NOCLKOUT, INTOSCIO oscillator: I/O function on RA6/OSC2/CLKOUT pin, I/O f
      +                          unction on RA7/OSC1/CLKIN
  1659                           ;	Watchdog Timer Enable bit
  1660                           ;	WDTE = OFF, WDT disabled and can be enabled by SWDTEN bit of the WDTCON register
  1661                           ;	Power-up Timer Enable bit
  1662                           ;	PWRTE = OFF, PWRT disabled
  1663                           ;	RE3/MCLR pin function select bit
  1664                           ;	MCLRE = OFF, RE3/MCLR pin function is digital input, MCLR internally tied to VDD
  1665                           ;	Code Protection bit
  1666                           ;	CP = OFF, Program memory code protection is disabled
  1667                           ;	Data Code Protection bit
  1668                           ;	CPD = OFF, Data memory code protection is disabled
  1669                           ;	Brown Out Reset Selection bits
  1670                           ;	BOREN = OFF, BOR disabled
  1671                           ;	Internal External Switchover bit
  1672                           ;	IESO = OFF, Internal/External Switchover mode is disabled
  1673                           ;	Fail-Safe Clock Monitor Enabled bit
  1674                           ;	FCMEN = OFF, Fail-Safe Clock Monitor is disabled
  1675                           ;	Low Voltage Programming Enable bit
  1676                           ;	LVP = OFF, RB3 pin has digital I/O, HV on MCLR must be used for programming
  1677                           ;	In-Circuit Debugger Mode bit
  1678                           ;	DEBUG = 0x1, unprogrammed default
  1679  2007                     	org	8199
  1680  2007  20D4               	dw	8404
  1681                           
  1682                           ;Config register CONFIG2 @ 0x2008
  1683                           ;	Brown-out Reset Selection bit
  1684                           ;	BOR4V = BOR40V, Brown-out Reset set to 4.0V
  1685                           ;	Flash Program Memory Self Write Enable bits
  1686                           ;	WRT = OFF, Write protection off
  1687  2008                     	org	8200
  1688  2008  3FFF               	dw	16383

Data Sizes:
    Strings     146
    Constant    0
    Data        1
    BSS         5
    Persistent  0
    Stack       0

Auto Spaces:
    Space          Size  Autos    Used
    COMMON           14      9      12
    BANK0            80      6       9
    BANK1            80      0       0
    BANK3            96      0       0
    BANK2            96      0       0

Pointer List with Targets:

    tprint@string	PTR unsigned char  size(1) Largest target is 45
		 -> STR_5(CODE[17]), STR_4(CODE[30]), STR_3(CODE[45]), STR_2(CODE[28]), 
		 -> STR_1(CODE[26]), 


Critical Paths under _main in COMMON

    None.

Critical Paths under _isr in COMMON

    _isr->i1_enter
    i1_item_list->i1_enter

Critical Paths under _main in BANK0

    _item_list->_enter

Critical Paths under _isr in BANK0

    None.

Critical Paths under _main in BANK1

    None.

Critical Paths under _isr in BANK1

    None.

Critical Paths under _main in BANK3

    None.

Critical Paths under _isr in BANK3

    None.

Critical Paths under _main in BANK2

    None.

Critical Paths under _isr in BANK2

    None.

Call Graph Tables:

 ---------------------------------------------------------------------------------
 (Depth) Function   	        Calls       Base Space   Used Autos Params    Refs
 ---------------------------------------------------------------------------------
 (0) _main                                                 2     2      0     797
                                              4 BANK0      2     2      0
                          _item_list
                              _setup
                             _tprint
 ---------------------------------------------------------------------------------
 (1) _setup                                                1     1      0       0
                                              0 BANK0      1     1      0
 ---------------------------------------------------------------------------------
 (1) _item_list                                            0     0      0     587
                              _enter
                             _tprint
 ---------------------------------------------------------------------------------
 (1) _tprint                                               2     2      0     210
                                              0 BANK0      2     2      0
 ---------------------------------------------------------------------------------
 (2) _enter                                                4     2      2     377
                                              0 BANK0      4     2      2
 ---------------------------------------------------------------------------------
 Estimated maximum stack depth 2
 ---------------------------------------------------------------------------------
 (Depth) Function   	        Calls       Base Space   Used Autos Params    Refs
 ---------------------------------------------------------------------------------
 (3) _isr                                                  5     5      0     351
                                              4 COMMON     5     5      0
                            i1_enter
                        i1_item_list
 ---------------------------------------------------------------------------------
 (4) i1_item_list                                          0     0      0     198
                            i1_enter
                           i1_tprint
 ---------------------------------------------------------------------------------
 (6) i1_tprint                                             2     2      0      45
                                              0 COMMON     2     2      0
 ---------------------------------------------------------------------------------
 (5) i1_enter                                              4     2      2     153
                                              0 COMMON     4     2      2
 ---------------------------------------------------------------------------------
 Estimated maximum stack depth 6
 ---------------------------------------------------------------------------------

 Call Graph Graphs:

 _main (ROOT)
   _item_list
     _enter
     _tprint
   _setup
   _tprint

 _isr (ROOT)
   i1_enter
   i1_item_list
     i1_enter
     i1_tprint

 Address spaces:
Name               Size   Autos  Total    Cost      Usage
BANK3               60      0       0       9        0.0%
BITBANK3            60      0       0       8        0.0%
SFR3                 0      0       0       4        0.0%
BITSFR3              0      0       0       4        0.0%
BANK2               60      0       0      11        0.0%
BITBANK2            60      0       0      10        0.0%
SFR2                 0      0       0       5        0.0%
BITSFR2              0      0       0       5        0.0%
BANK1               50      0       0       7        0.0%
BITBANK1            50      0       0       6        0.0%
SFR1                 0      0       0       2        0.0%
BITSFR1              0      0       0       2        0.0%
BANK0               50      6       9       5       11.2%
BITBANK0            50      0       0       4        0.0%
SFR0                 0      0       0       1        0.0%
BITSFR0              0      0       0       1        0.0%
COMMON               E      9       C       1       85.7%
BITCOMMON            E      0       0       0        0.0%
CODE                 0      0       0       0        0.0%
DATA                 0      0      15      12        0.0%
ABS                  0      0      15       3        0.0%
NULL                 0      0       0       0        0.0%
STACK                0      0       0       2        0.0%
EEDATA             100      0       0       0        0.0%


Microchip Technology PIC Macro Assembler V2.35 build 20211206165544 
Symbol Table                                                                                   Sat May 07 21:35:28 2022

                      pc 0002                       l61 01A5                       l72 0269  
                     l67 0242                       l76 0285                       fsr 0004  
                    l102 01E4                      l900 0171                      l910 0180  
                    l902 0172                      l920 0191                      l912 0183  
                    l904 0178                      l930 019F                      l922 0194  
                    l914 0186                      l906 017B                      l860 0233  
                    l940 01C8                      l932 01A2                      l924 0197  
                    l916 018D                      l908 017C                      l862 0268  
                    l942 01D3                      l934 01A6                      l926 0199  
                    l918 0190                      l856 021C                      l864 026D  
                    l936 01B1                      l928 019C                      l858 021D  
                    l866 0275                      l938 01B7                      l890 0167  
                    l868 0279                      l892 0168                      l884 0159  
                    l894 0169                      l886 015D                      l990 00BF  
                    l896 016A                      l888 015E                      l992 00C4  
                    l898 016D                      l994 00CA                      l996 00CB  
                    l988 00BA                      l998 00D1                      u150 0242  
                    u151 0241                      u160 026D                      u161 026C  
                    u170 0285                      u155 023E                      u171 0284  
                    u307 00ED                      u260 00CA                      u317 018A  
                    u261 00C9                      u270 00D1                      u327 022B  
                    u271 00D0                      u280 00F9                      u281 00F8  
                    u297 00DE                      _isr 010A                      fsr0 0004  
                   l1000 00D2                     l1002 00D8                     l1010 00F3  
                   l1012 00F9                     l1004 00E3                     l1014 00FD  
                   l1006 00E7                     l1016 0103                     ?_isr 0070  
                   STR_1 008F                     STR_2 0073                     STR_3 0028  
                   STR_4 0055                     STR_5 00A9                     _RCIF 0065  
                   i1l72 0288                     i1l67 0264                     i1l83 014E  
                   i1l76 02A6                     i1l87 014E                     _TXIF 0064  
                   _main 00BA                     _pot1 0027                     btemp 007E  
                   start 0010          __end_ofi1_enter 0265                    ??_isr 0074  
                  ?_main 0070                    _ANSEL 0188                    i1l102 021B  
                  i1l870 0243                    i1l950 0203                    i1l872 0244  
                  i1l880 0296                    i1l952 020C                    i1l944 01E5  
                  i1l960 011D                    i1l874 0257                    i1l882 029A  
                  i1l946 01EE                    i1l970 012E                    i1l962 011E  
                  i1l954 010A                    i1l876 0287                    i1l948 01F4  
                  i1l980 013E                    i1l972 0134                    i1l964 0122  
                  i1l956 0110                    i1l878 028E                    i1l982 013F  
                  i1l974 0136                    i1l966 0128                    i1l958 0119  
                  i1l984 0148                    i1l976 013A                    i1l968 012C  
                  i1l978 013C                    _RCREG 001A                    u20_20 02A6  
                  u20_21 02A5                    u21_20 0110                    u21_21 010F  
                  u22_20 0119                    u22_21 0118                    u23_20 0122  
                  u23_21 0121                    u24_20 0128                    u24_21 0127  
                  u25_20 0134                    u25_21 0133                    u33_27 024E  
                  u18_20 0264                    u18_21 0263                    _SPBRG 0099  
                  u18_25 0260                    u19_20 028E                    u19_21 028D  
                  _PORTA 0005                    _PORTB 0006                    _TRISA 0085  
                  _TRISB 0086                    _TXREG 0019              i1_item_list 01E5  
                  _enter 021C                    _vacio 0028                    _setup 0159  
                  pclath 000A                    status 0003                    wtemp0 007E  
       __end_ofi1_tprint 02A7          __initialization 0013             __end_of_main 010A  
                 ??_main 0024                   ?_enter 0020                   _ADRESH 001E  
                 ?_setup 0070                   _ANSELH 0189                ??i1_enter 0072  
                 _SPBRGH 009A                   _tprint 0265                   enter@a 0020  
                 saved_w 007E  __end_of__initialization 001E           __pcstackCOMMON 0070  
           __pidataBANK0 02A7            __end_of_enter 0243            __end_of_setup 01A6  
              ?i1_tprint 0070                  ??_enter 0022                  ??_setup 0020  
             __pbssBANK0 0026               __pmaintext 00BA               __pintentry 0004  
                ?_tprint 0070             ?i1_item_list 0070             tprint@string 0021  
             ??i1_tprint 0070               __stringtab 0022                  i1_enter 0243  
                __ptext1 0159                  __ptext2 01A6                  __ptext3 0265  
                __ptext4 021C                  __ptext5 010A                  __ptext6 01E5  
                __ptext7 0286                  __ptext8 0243        __end_of_item_list 01E5  
                _opt_sel 0026           i1tprint@string 0071     end_of_initialization 001E  
              _RCSTAbits 0018               _portb_char 007B               _state_flag 0079  
              _TXSTAbits 0098              _BAUDCTLbits 0187           __end_of_tprint 0286  
    start_initialization 0013              __end_of_isr 0159              __pdataBANK0 0028  
               ??_tprint 0020              __pbssCOMMON 0079                ___latbits 0002  
          __pcstackBANK0 0020                 ?i1_enter 0070                __pstrings 0022  
              _item_list 01A6        interrupt_function 0004                 _PIE1bits 008C  
               _PIR1bits 000C               _ADCON0bits 001F              __stringbase 0027  
             _ADCON1bits 009F                 i1_tprint 0286                 i1enter@a 0070  
             ?_item_list 0070       __end_of__stringtab 0028            ??i1_item_list 0074  
             _INTCONbits 000B              ??_item_list 0024                 intlevel1 0000  
              stringcode 0022               _OSCCONbits 008F                 stringdir 0022  
               stringtab 0022      __end_ofi1_item_list 021C  
